<?xml version="1.0" encoding="UTF-8"?>
<!-- Generated by org.testng.reporters.JUnitReportReporter -->
<testsuite hostname="C152" failures="0" tests="1" name="EC_TestCase.TC_TimeSheet" time="32.043" errors="0" timestamp="2023-12-25T11:37:12 IST" skipped="0">
  <testcase classname="EC_TestCase.TC_TimeSheet" name="TimeSheet1" time="32.043"/>
  <system-out/>
</testsuite> <!-- EC_TestCase.TC_TimeSheet -->
