<?xml version="1.0" encoding="UTF-8"?>
<!-- Generated by org.testng.reporters.JUnitReportReporter -->
<testsuite hostname="C152" failures="0" tests="1" name="EC_TestCase.TC_Library_Snacks" time="27.335" errors="0" timestamp="2023-12-12T15:15:57 IST" skipped="0">
  <testcase classname="EC_TestCase.TC_Library_Snacks" name="My_order" time="27.335"/>
</testsuite> <!-- EC_TestCase.TC_Library_Snacks -->
