<?xml version="1.0" encoding="UTF-8"?>
<!-- Generated by org.testng.reporters.JUnitReportReporter -->
<testsuite hostname="C152" failures="0" tests="1" name="EC_TestCase.TC_Forgot_password" time="15.525" errors="0" timestamp="2023-12-15T18:08:32 IST" skipped="0">
  <testcase classname="EC_TestCase.TC_Forgot_password" name="Forgot" time="15.525"/>
  <system-out/>
</testsuite> <!-- EC_TestCase.TC_Forgot_password -->
