<?xml version="1.0" encoding="UTF-8"?>
<!-- Generated by org.testng.reporters.JUnitReportReporter -->
<testsuite hostname="C152" failures="0" tests="1" name="EC_TestCase.TC_Project" time="13.936" errors="0" timestamp="2023-12-13T10:07:12 IST" skipped="0">
  <testcase classname="EC_TestCase.TC_Project" name="Project" time="13.936"/>
</testsuite> <!-- EC_TestCase.TC_Project -->
