<?xml version="1.0" encoding="UTF-8"?>
<!-- Generated by org.testng.reporters.JUnitReportReporter -->
<testsuite hostname="C152" failures="0" tests="2" name="EC_TestCase.TC_TimeSheet" time="31.239" errors="0" timestamp="2023-12-25T12:55:20 IST" skipped="0">
  <testcase classname="EC_TestCase.TC_TimeSheet" name="TimeSheet" time="10.156"/>
  <system-out/>
  <testcase classname="EC_TestCase.TC_TimeSheet" name="TimeSheet1" time="21.083"/>
  <system-out/>
</testsuite> <!-- EC_TestCase.TC_TimeSheet -->
