<?xml version="1.0" encoding="UTF-8"?>
<!-- Generated by org.testng.reporters.JUnitReportReporter -->
<testsuite hostname="C152" failures="0" tests="1" name="EC_TestCase.TC_Project" time="7.868" errors="0" timestamp="2024-01-05T14:54:53 IST" skipped="0">
  <testcase classname="EC_TestCase.TC_Project" name="Project" time="7.868"/>
  <system-out/>
</testsuite> <!-- EC_TestCase.TC_Project -->
