<?xml version="1.0" encoding="UTF-8"?>
<!-- Generated by org.testng.reporters.JUnitReportReporter -->
<testsuite hostname="C152" failures="0" tests="2" name="EC_TestCase.TC_TimeSheet" time="24.676" errors="0" timestamp="2024-01-01T15:37:04 IST" skipped="0">
  <testcase classname="EC_TestCase.TC_TimeSheet" name="TimeSheet" time="8.782"/>
  <system-out/>
  <testcase classname="EC_TestCase.TC_TimeSheet" name="TimeSheet1" time="15.894"/>
  <system-out/>
</testsuite> <!-- EC_TestCase.TC_TimeSheet -->
