<?xml version="1.0" encoding="UTF-8"?>
<!-- Generated by org.testng.reporters.JUnitReportReporter -->
<testsuite hostname="C152" failures="0" tests="1" name="EC_TestCase.LoginPage" time="25.390" errors="0" timestamp="2023-12-18T11:30:43 IST" skipped="0">
  <testcase classname="EC_TestCase.LoginPage" name="validLogin" time="25.390"/>
  <system-out/>
</testsuite> <!-- EC_TestCase.LoginPage -->
