<?xml version="1.0" encoding="UTF-8"?>
<!-- Generated by org.testng.reporters.JUnitReportReporter -->
<testsuite hostname="C152" failures="0" tests="1" name="EC_TestCase.TC_Marketing" time="17.301" errors="0" timestamp="2023-12-25T12:55:20 IST" skipped="0">
  <testcase classname="EC_TestCase.TC_Marketing" name="Project" time="17.301"/>
  <system-out/>
</testsuite> <!-- EC_TestCase.TC_Marketing -->
