<?xml version="1.0" encoding="UTF-8"?>
<!-- Generated by org.testng.reporters.JUnitReportReporter -->
<testsuite hostname="C152" failures="0" tests="1" name="EC_TestCase.LoginPage" time="11.455" errors="0" timestamp="2024-01-02T16:51:20 IST" skipped="0">
  <testcase classname="EC_TestCase.LoginPage" name="validLogin" time="11.455"/>
  <system-out/>
</testsuite> <!-- EC_TestCase.LoginPage -->
