<?xml version="1.0" encoding="UTF-8"?>
<!-- Generated by org.testng.reporters.JUnitReportReporter -->
<testsuite hostname="C152" failures="0" tests="1" name="EC_TestCase.TC_Library_Snacks" time="27.616" errors="0" timestamp="2023-12-19T11:32:33 IST" skipped="0">
  <testcase classname="EC_TestCase.TC_Library_Snacks" name="Library" time="27.616"/>
  <system-out/>
</testsuite> <!-- EC_TestCase.TC_Library_Snacks -->
