<?xml version="1.0" encoding="UTF-8"?>
<!-- Generated by org.testng.reporters.JUnitReportReporter -->
<testsuite hostname="C152" failures="0" tests="4" name="EC_TestCase.TC_badges" time="61.007" errors="0" timestamp="2023-12-15T18:08:32 IST" skipped="0">
  <testcase classname="EC_TestCase.TC_badges" name="Badges" time="9.360"/>
  <system-out/>
  <testcase classname="EC_TestCase.TC_badges" name="Contribution" time="24.473"/>
  <system-out/>
  <testcase classname="EC_TestCase.TC_badges" name="Badges2" time="12.491"/>
  <system-out/>
  <testcase classname="EC_TestCase.TC_badges" name="Endorse" time="14.683"/>
  <system-out/>
</testsuite> <!-- EC_TestCase.TC_badges -->
