<?xml version="1.0" encoding="UTF-8"?>
<!-- Generated by org.testng.reporters.JUnitReportReporter -->
<testsuite hostname="C152" failures="0" tests="1" name="EC_TestCase.LoginPage" time="15.736" errors="0" timestamp="2023-12-15T10:00:03 IST" skipped="0">
  <testcase classname="EC_TestCase.LoginPage" name="validLogin" time="15.736"/>
</testsuite> <!-- EC_TestCase.LoginPage -->
