<?xml version="1.0" encoding="UTF-8"?>
<!-- Generated by org.testng.reporters.JUnitReportReporter -->
<testsuite hostname="C152" failures="0" tests="1" name="EC_TestCase.TC_badges" time="30.756" errors="0" timestamp="2023-12-13T10:49:02 IST" skipped="0">
  <testcase classname="EC_TestCase.TC_badges" name="Contribution" time="30.756"/>
</testsuite> <!-- EC_TestCase.TC_badges -->
