<?xml version="1.0" encoding="UTF-8"?>
<!-- Generated by org.testng.reporters.JUnitReportReporter -->
<testsuite hostname="C152" failures="0" tests="2" name="EC_TestCase.TC_TimeSheet" time="86.356" errors="0" timestamp="2023-12-15T18:08:32 IST" skipped="0">
  <testcase classname="EC_TestCase.TC_TimeSheet" name="TimeSheet" time="32.843"/>
  <system-out/>
  <testcase classname="EC_TestCase.TC_TimeSheet" name="TimeSheet1" time="53.513"/>
  <system-out/>
</testsuite> <!-- EC_TestCase.TC_TimeSheet -->
