<?xml version="1.0" encoding="UTF-8"?>
<!-- Generated by org.testng.reporters.JUnitReportReporter -->
<testsuite hostname="C152" failures="0" tests="1" name="EC_TestCase.TC_Project" time="9.884" errors="0" timestamp="2023-12-25T12:55:20 IST" skipped="0">
  <testcase classname="EC_TestCase.TC_Project" name="Project" time="9.884"/>
  <system-out/>
</testsuite> <!-- EC_TestCase.TC_Project -->
