<?xml version="1.0" encoding="UTF-8"?>
<!-- Generated by org.testng.reporters.JUnitReportReporter -->
<testsuite hostname="C152" failures="0" tests="1" name="EC_TestCase.TC_badges" time="42.194" errors="0" timestamp="2023-12-25T12:04:49 IST" skipped="0">
  <testcase classname="EC_TestCase.TC_badges" name="Badges" time="42.194"/>
  <system-out/>
</testsuite> <!-- EC_TestCase.TC_badges -->
