<?xml version="1.0" encoding="UTF-8"?>
<!-- Generated by org.testng.reporters.JUnitReportReporter -->
<testsuite hostname="C152" failures="0" tests="4" name="EC_TestCase.TC_badges" time="60.764" errors="0" timestamp="2023-12-15T16:59:45 IST" skipped="0">
  <testcase classname="EC_TestCase.TC_badges" name="Badges" time="9.802"/>
  <system-out/>
  <testcase classname="EC_TestCase.TC_badges" name="Contribution" time="24.158"/>
  <system-out/>
  <testcase classname="EC_TestCase.TC_badges" name="Badges2" time="11.967"/>
  <system-out/>
  <testcase classname="EC_TestCase.TC_badges" name="Endorse" time="14.837"/>
  <system-out/>
</testsuite> <!-- EC_TestCase.TC_badges -->
