<?xml version="1.0" encoding="UTF-8"?>
<!-- Generated by org.testng.reporters.JUnitReportReporter -->
<testsuite hostname="C152" failures="0" tests="1" name="EC_TestCase.TC_myprofile" time="47.616" errors="0" timestamp="2023-12-13T12:07:02 IST" skipped="0">
  <testcase classname="EC_TestCase.TC_myprofile" name="Profile" time="47.616"/>
</testsuite> <!-- EC_TestCase.TC_myprofile -->
