<?xml version="1.0" encoding="UTF-8"?>
<!-- Generated by org.testng.reporters.JUnitReportReporter -->
<testsuite hostname="C152" failures="0" tests="1" name="EC_TestCase.TC_badges" time="34.748" errors="0" timestamp="2024-01-05T14:48:37 IST" skipped="0">
  <testcase classname="EC_TestCase.TC_badges" name="Badges" time="34.748"/>
  <system-out/>
</testsuite> <!-- EC_TestCase.TC_badges -->
