<?xml version="1.0" encoding="UTF-8"?>
<!-- Generated by org.testng.reporters.JUnitReportReporter -->
<testsuite hostname="C152" failures="0" tests="1" name="EC_TestCase.LoginPage" time="16.069" errors="0" timestamp="2023-12-15T16:59:45 IST" skipped="0">
  <testcase classname="EC_TestCase.LoginPage" name="validLogin" time="16.069"/>
  <system-out/>
</testsuite> <!-- EC_TestCase.LoginPage -->
