<?xml version="1.0" encoding="UTF-8"?>
<!-- Generated by org.testng.reporters.JUnitReportReporter -->
<testsuite hostname="C152" failures="0" tests="1" name="EC_TestCase.TC_TimeSheet" time="44.564" errors="0" timestamp="2023-12-14T18:52:31 IST" skipped="0">
  <testcase classname="EC_TestCase.TC_TimeSheet" name="TimeSheet" time="44.564"/>
</testsuite> <!-- EC_TestCase.TC_TimeSheet -->
