<?xml version="1.0" encoding="UTF-8"?>
<!-- Generated by org.testng.reporters.JUnitReportReporter -->
<testsuite hostname="C152" failures="0" tests="1" name="EC_TestCase.TC_Library_Snacks" time="17.437" errors="0" timestamp="2024-01-05T14:50:24 IST" skipped="0">
  <testcase classname="EC_TestCase.TC_Library_Snacks" name="Library" time="17.437"/>
  <system-out/>
</testsuite> <!-- EC_TestCase.TC_Library_Snacks -->
