<?xml version="1.0" encoding="UTF-8"?>
<!-- Generated by org.testng.reporters.JUnitReportReporter -->
<testsuite hostname="C152" failures="0" tests="1" name="EC_TestCase.TC_Deshboard" time="5.986" errors="0" timestamp="2023-12-06T14:53:33 IST" skipped="0">
  <testcase classname="EC_TestCase.TC_Deshboard" name="validLogin" time="5.986"/>
</testsuite> <!-- EC_TestCase.TC_Deshboard -->
