<?xml version="1.0" encoding="UTF-8"?>
<!-- Generated by org.testng.reporters.JUnitReportReporter -->
<testsuite hostname="C152" failures="0" tests="1" name="EC_TestCase.LoginPage" time="9.845" errors="0" timestamp="2024-01-01T15:37:04 IST" skipped="0">
  <testcase classname="EC_TestCase.LoginPage" name="validLogin" time="9.845"/>
  <system-out/>
</testsuite> <!-- EC_TestCase.LoginPage -->
