<?xml version="1.0" encoding="UTF-8"?>
<!-- Generated by org.testng.reporters.JUnitReportReporter -->
<testsuite hostname="C152" failures="0" tests="1" name="EC_TestCase.TC_myprofile" time="9.525" errors="0" timestamp="2024-01-05T14:54:28 IST" skipped="0">
  <testcase classname="EC_TestCase.TC_myprofile" name="Profile" time="9.525"/>
  <system-out/>
</testsuite> <!-- EC_TestCase.TC_myprofile -->
