<?xml version="1.0" encoding="UTF-8"?>
<!-- Generated by org.testng.reporters.JUnitReportReporter -->
<testsuite hostname="C152" failures="0" tests="1" name="EC_TestCase.TC_Dashboard" time="18.861" errors="0" timestamp="2023-12-12T12:52:10 IST" skipped="0">
  <testcase classname="EC_TestCase.TC_Dashboard" name="validLogin" time="18.861"/>
</testsuite> <!-- EC_TestCase.TC_Dashboard -->
