<?xml version="1.0" encoding="UTF-8"?>
<!-- Generated by org.testng.reporters.JUnitReportReporter -->
<testsuite hostname="C152" failures="0" tests="1" name="EC_TestCase.TC_Support" time="11.804" errors="0" timestamp="2024-01-05T14:55:26 IST" skipped="0">
  <testcase classname="EC_TestCase.TC_Support" name="Support" time="11.804"/>
  <system-out/>
</testsuite> <!-- EC_TestCase.TC_Support -->
