<?xml version="1.0" encoding="UTF-8"?>
<!-- Generated by org.testng.reporters.JUnitReportReporter -->
<testsuite hostname="C152" failures="0" tests="1" name="EC_TestCase.TC_Support" time="35.299" errors="0" timestamp="2023-12-15T10:02:10 IST" skipped="0">
  <testcase classname="EC_TestCase.TC_Support" name="Support" time="35.299"/>
</testsuite> <!-- EC_TestCase.TC_Support -->
