<?xml version="1.0" encoding="UTF-8"?>
<!-- Generated by org.testng.reporters.JUnitReportReporter -->
<testsuite hostname="C152" failures="0" tests="1" name="EC_TestCase.TC_Forgot_password" time="17.527" errors="0" timestamp="2023-12-15T12:39:35 IST" skipped="0">
  <testcase classname="EC_TestCase.TC_Forgot_password" name="Forgot" time="17.527"/>
  <system-out/>
</testsuite> <!-- EC_TestCase.TC_Forgot_password -->
