<?xml version="1.0" encoding="UTF-8"?>
<!-- Generated by org.testng.reporters.JUnitReportReporter -->
<testsuite hostname="C152" failures="0" tests="1" name="EC_TestCase.TC_myprofile" time="12.031" errors="0" timestamp="2024-01-02T18:39:48 IST" skipped="0">
  <testcase classname="EC_TestCase.TC_myprofile" name="Profile" time="12.031"/>
  <system-out/>
</testsuite> <!-- EC_TestCase.TC_myprofile -->
