<?xml version="1.0" encoding="UTF-8"?>
<!-- Generated by org.testng.reporters.JUnitReportReporter -->
<testsuite hostname="C152" failures="0" tests="1" name="EC_TestCase.LoginPage" time="13.687" errors="0" timestamp="2024-01-02T18:39:48 IST" skipped="0">
  <testcase classname="EC_TestCase.LoginPage" name="validLogin" time="13.687"/>
  <system-out/>
</testsuite> <!-- EC_TestCase.LoginPage -->
